<?xml version="1.0" encoding="UTF-8"?>
<!-- Generated by org.testng.reporters.JUnitReportReporter -->
<testsuite hostname="COGNINE-L128" failures="0" tests="1" name="cognine.chorus.automation.lnd.endtoend.skillSetPageTest" time="5.030" errors="0" timestamp="2024-07-12T15:49:46 IST" skipped="0">
  <testcase classname="cognine.chorus.automation.lnd.endtoend.skillSetPageTest" name="f" time="5.030"/>
</testsuite> <!-- cognine.chorus.automation.lnd.endtoend.skillSetPageTest -->
