<?xml version="1.0" encoding="UTF-8"?>
<!-- Generated by org.testng.reporters.JUnitReportReporter -->
<testsuite hostname="COGNINE-L128" failures="0" tests="2" name="cognine.chorus.automation.lnd.endtoend.employeePageTest" time="9.961" errors="0" timestamp="2024-11-20T19:18:52 IST" skipped="0">
  <testcase classname="cognine.chorus.automation.lnd.endtoend.employeePageTest" name="employeeLogin" time="5.814"/>
  <testcase classname="cognine.chorus.automation.lnd.endtoend.employeePageTest" name="myLearnings" time="4.147"/>
</testsuite> <!-- cognine.chorus.automation.lnd.endtoend.employeePageTest -->
