<?xml version="1.0" encoding="UTF-8"?>
<!-- Generated by org.testng.reporters.JUnitReportReporter -->
<testsuite hostname="COGNINE-L128" failures="0" tests="2" name="cognine.chorus.automation.lnd.endtoend.newTest" time="9.523" errors="0" timestamp="2024-05-29T17:46:46 IST" skipped="0">
  <testcase classname="cognine.chorus.automation.lnd.endtoend.newTest" name="Test1" time="8.636"/>
  <testcase classname="cognine.chorus.automation.lnd.endtoend.newTest" name="Test2" time="0.887"/>
</testsuite> <!-- cognine.chorus.automation.lnd.endtoend.newTest -->
